[debug] [2025-06-02T17:34:09.320Z] ----------------------------------------------------------------------
[debug] [2025-06-02T17:34:09.323Z] Command:       /usr/local/bin/node /usr/local/bin/firebase init
[debug] [2025-06-02T17:34:09.323Z] CLI Version:   14.5.1
[debug] [2025-06-02T17:34:09.323Z] Platform:      darwin
[debug] [2025-06-02T17:34:09.324Z] Node Version:  v20.10.0
[debug] [2025-06-02T17:34:09.324Z] Time:          Mon Jun 02 2025 20:34:09 GMT+0300 (GMT+03:00)
[debug] [2025-06-02T17:34:09.324Z] ----------------------------------------------------------------------
[debug] 
[debug] [2025-06-02T17:34:09.328Z] > command requires scopes: ["email","openid","https://www.googleapis.com/auth/cloudplatformprojects.readonly","https://www.googleapis.com/auth/firebase","https://www.googleapis.com/auth/cloud-platform"]
[debug] [2025-06-02T17:34:09.329Z] > authorizing via signed-in user (ardildeniz98@gmail.com)
[info] 
     ######## #### ########  ######## ########     ###     ######  ########
     ##        ##  ##     ## ##       ##     ##  ##   ##  ##       ##
     ######    ##  ########  ######   ########  #########  ######  ######
     ##        ##  ##    ##  ##       ##     ## ##     ##       ## ##
     ##       #### ##     ## ######## ########  ##     ##  ######  ########

You're about to initialize a Firebase project in this directory:

  /Users/ardildeniz/Desktop/codewaycase

[info] 
=== Project Setup
[info] 
[info] First, let's associate this project directory with a Firebase project.
[info] You can create multiple project aliases by running firebase use --add, 
[info] but for now we'll just set up a default project.
[info] 
[debug] [2025-06-02T17:35:16.290Z] Checked if tokens are valid: true, expires at: 1748889003593
[debug] [2025-06-02T17:35:16.290Z] Checked if tokens are valid: true, expires at: 1748889003593
[debug] [2025-06-02T17:35:16.292Z] >>> [apiv2][query] GET https://firebase.googleapis.com/v1beta1/projects pageSize=100
[debug] [2025-06-02T17:35:16.968Z] <<< [apiv2][status] GET https://firebase.googleapis.com/v1beta1/projects 200
[debug] [2025-06-02T17:35:16.968Z] <<< [apiv2][body] GET https://firebase.googleapis.com/v1beta1/projects [omitted]
[info] i  Using project codewaycase-a3705 (codewaycase) 
[info] 
=== Firestore Setup
[info] i  firestore: ensuring required API firestore.googleapis.com is enabled... 
[debug] [2025-06-02T17:35:20.678Z] Checked if tokens are valid: true, expires at: 1748889003593
[debug] [2025-06-02T17:35:20.679Z] Checked if tokens are valid: true, expires at: 1748889003593
[debug] [2025-06-02T17:35:20.679Z] >>> [apiv2][query] GET https://serviceusage.googleapis.com/v1/projects/codewaycase-a3705/services/firestore.googleapis.com [none]
[debug] [2025-06-02T17:35:20.679Z] >>> [apiv2][(partial)header] GET https://serviceusage.googleapis.com/v1/projects/codewaycase-a3705/services/firestore.googleapis.com x-goog-quota-user=projects/codewaycase-a3705
[debug] [2025-06-02T17:35:21.852Z] <<< [apiv2][status] GET https://serviceusage.googleapis.com/v1/projects/codewaycase-a3705/services/firestore.googleapis.com 200
[debug] [2025-06-02T17:35:21.852Z] <<< [apiv2][body] GET https://serviceusage.googleapis.com/v1/projects/codewaycase-a3705/services/firestore.googleapis.com [omitted]
[info] ✔  firestore: required API firestore.googleapis.com is enabled 
[debug] [2025-06-02T17:35:21.853Z] Checked if tokens are valid: true, expires at: 1748889003593
[debug] [2025-06-02T17:35:21.853Z] Checked if tokens are valid: true, expires at: 1748889003593
[debug] [2025-06-02T17:35:21.853Z] >>> [apiv2][query] GET https://firestore.googleapis.com/v1/projects/codewaycase-a3705/databases [none]
[debug] [2025-06-02T17:35:22.689Z] <<< [apiv2][status] GET https://firestore.googleapis.com/v1/projects/codewaycase-a3705/databases 200
[debug] [2025-06-02T17:35:22.689Z] <<< [apiv2][body] GET https://firestore.googleapis.com/v1/projects/codewaycase-a3705/databases {"databases":[{"name":"projects/codewaycase-a3705/databases/(default)","uid":"8591059d-4835-423b-af19-77182b24db2f","createTime":"2025-05-31T11:22:56.469917Z","updateTime":"2025-05-31T11:22:56.469917Z","locationId":"eur3","type":"FIRESTORE_NATIVE","concurrencyMode":"PESSIMISTIC","versionRetentionPeriod":"3600s","earliestVersionTime":"2025-06-02T16:35:22.699780Z","appEngineIntegrationMode":"DISABLED","keyPrefix":"e","pointInTimeRecoveryEnablement":"POINT_IN_TIME_RECOVERY_DISABLED","deleteProtectionState":"DELETE_PROTECTION_DISABLED","databaseEdition":"STANDARD","freeTier":true,"etag":"IP7/74Gj040DMN7E8J7MzY0D"}]}
[info] 
[info] Firestore Security Rules allow you to define how and when to allow
[info] requests. You can keep these rules in your project directory
[info] and publish them with firebase deploy.
[info] 
[debug] [2025-06-02T17:36:15.467Z] Checked if tokens are valid: true, expires at: 1748889003593
[debug] [2025-06-02T17:36:15.467Z] Checked if tokens are valid: true, expires at: 1748889003593
[debug] [2025-06-02T17:36:15.468Z] >>> [apiv2][query] GET https://firebaserules.googleapis.com/v1/projects/codewaycase-a3705/releases pageSize=10&pageToken=
[debug] [2025-06-02T17:36:16.372Z] <<< [apiv2][status] GET https://firebaserules.googleapis.com/v1/projects/codewaycase-a3705/releases 200
[debug] [2025-06-02T17:36:16.372Z] <<< [apiv2][body] GET https://firebaserules.googleapis.com/v1/projects/codewaycase-a3705/releases {"releases":[{"name":"projects/codewaycase-a3705/releases/cloud.firestore","rulesetName":"projects/codewaycase-a3705/rulesets/04689f60-7416-42a6-9123-ecc5cbbab92a","createTime":"2025-05-31T11:23:03.354045Z","updateTime":"2025-05-31T11:23:03.354045Z"}]}
[debug] [2025-06-02T17:36:16.372Z] Checked if tokens are valid: true, expires at: 1748889003593
[debug] [2025-06-02T17:36:16.372Z] Checked if tokens are valid: true, expires at: 1748889003593
[debug] [2025-06-02T17:36:16.372Z] >>> [apiv2][query] GET https://firebaserules.googleapis.com/v1/projects/codewaycase-a3705/rulesets/04689f60-7416-42a6-9123-ecc5cbbab92a [none]
[debug] [2025-06-02T17:36:17.174Z] <<< [apiv2][status] GET https://firebaserules.googleapis.com/v1/projects/codewaycase-a3705/rulesets/04689f60-7416-42a6-9123-ecc5cbbab92a 200
[debug] [2025-06-02T17:36:17.175Z] <<< [apiv2][body] GET https://firebaserules.googleapis.com/v1/projects/codewaycase-a3705/rulesets/04689f60-7416-42a6-9123-ecc5cbbab92a [omitted]
[info] i  Downloaded the existing Firestore Security Rules from the Firebase console 
[info] 
[info] Firestore indexes allow you to perform complex queries while
[info] maintaining performance that scales with the size of the result
[info] set. You can keep index definitions in your project directory
[info] and publish them with firebase deploy.
[info] 
[debug] [2025-06-02T17:36:47.283Z] Checked if tokens are valid: true, expires at: 1748889003593
[debug] [2025-06-02T17:36:47.283Z] Checked if tokens are valid: true, expires at: 1748889003593
[debug] [2025-06-02T17:36:47.283Z] Checked if tokens are valid: true, expires at: 1748889003593
[debug] [2025-06-02T17:36:47.284Z] Checked if tokens are valid: true, expires at: 1748889003593
[debug] [2025-06-02T17:36:47.284Z] >>> [apiv2][query] GET https://firestore.googleapis.com/v1/projects/codewaycase-a3705/databases/(default)/collectionGroups/-/indexes [none]
[debug] [2025-06-02T17:36:47.286Z] >>> [apiv2][query] GET https://firestore.googleapis.com/v1/projects/codewaycase-a3705/databases/(default)/collectionGroups/-/fields?filter=indexConfig.usesAncestorConfig=false OR ttlConfig:* [none]
[debug] [2025-06-02T17:36:47.864Z] <<< [apiv2][status] GET https://firestore.googleapis.com/v1/projects/codewaycase-a3705/databases/(default)/collectionGroups/-/fields?filter=indexConfig.usesAncestorConfig=false OR ttlConfig:* 200
[debug] [2025-06-02T17:36:47.864Z] <<< [apiv2][body] GET https://firestore.googleapis.com/v1/projects/codewaycase-a3705/databases/(default)/collectionGroups/-/fields?filter=indexConfig.usesAncestorConfig=false OR ttlConfig:* {"fields":[{"name":"projects/codewaycase-a3705/databases/(default)/collectionGroups/__default__/fields/*","indexConfig":{"indexes":[{"queryScope":"COLLECTION","fields":[{"fieldPath":"*","order":"ASCENDING"}],"state":"READY"},{"queryScope":"COLLECTION","fields":[{"fieldPath":"*","order":"DESCENDING"}],"state":"READY"},{"queryScope":"COLLECTION","fields":[{"fieldPath":"*","arrayConfig":"CONTAINS"}],"state":"READY"}]}}]}
[debug] [2025-06-02T17:36:47.865Z] <<< [apiv2][status] GET https://firestore.googleapis.com/v1/projects/codewaycase-a3705/databases/(default)/collectionGroups/-/indexes 200
[debug] [2025-06-02T17:36:47.865Z] <<< [apiv2][body] GET https://firestore.googleapis.com/v1/projects/codewaycase-a3705/databases/(default)/collectionGroups/-/indexes {}
[info] i  Downloaded the existing Firestore indexes from the Firebase console 
[info] ✔  Wrote firestore.rules 
[info] ✔  Wrote firestore.indexes.json 
[info] 
=== Functions Setup
[debug] [2025-06-02T17:36:47.867Z] > command requires scopes: ["email","openid","https://www.googleapis.com/auth/cloudplatformprojects.readonly","https://www.googleapis.com/auth/firebase","https://www.googleapis.com/auth/cloud-platform"]
[debug] [2025-06-02T17:36:47.868Z] > authorizing via signed-in user (ardildeniz98@gmail.com)
[debug] [2025-06-02T17:36:47.868Z] [iam] checking project codewaycase-a3705 for permissions ["firebase.projects.get"]
[debug] [2025-06-02T17:36:47.868Z] Checked if tokens are valid: true, expires at: 1748889003593
[debug] [2025-06-02T17:36:47.868Z] Checked if tokens are valid: true, expires at: 1748889003593
[debug] [2025-06-02T17:36:47.868Z] >>> [apiv2][query] POST https://cloudresourcemanager.googleapis.com/v1/projects/codewaycase-a3705:testIamPermissions [none]
[debug] [2025-06-02T17:36:47.868Z] >>> [apiv2][(partial)header] POST https://cloudresourcemanager.googleapis.com/v1/projects/codewaycase-a3705:testIamPermissions x-goog-quota-user=projects/codewaycase-a3705
[debug] [2025-06-02T17:36:47.868Z] >>> [apiv2][body] POST https://cloudresourcemanager.googleapis.com/v1/projects/codewaycase-a3705:testIamPermissions {"permissions":["firebase.projects.get"]}
[debug] [2025-06-02T17:36:48.909Z] <<< [apiv2][status] POST https://cloudresourcemanager.googleapis.com/v1/projects/codewaycase-a3705:testIamPermissions 200
[debug] [2025-06-02T17:36:48.909Z] <<< [apiv2][body] POST https://cloudresourcemanager.googleapis.com/v1/projects/codewaycase-a3705:testIamPermissions {"permissions":["firebase.projects.get"]}
[debug] [2025-06-02T17:36:48.909Z] Checked if tokens are valid: true, expires at: 1748889003593
[debug] [2025-06-02T17:36:48.910Z] Checked if tokens are valid: true, expires at: 1748889003593
[debug] [2025-06-02T17:36:48.910Z] Checked if tokens are valid: true, expires at: 1748889003593
[debug] [2025-06-02T17:36:48.910Z] Checked if tokens are valid: true, expires at: 1748889003593
[debug] [2025-06-02T17:36:48.910Z] >>> [apiv2][query] GET https://serviceusage.googleapis.com/v1/projects/codewaycase-a3705/services/cloudfunctions.googleapis.com [none]
[debug] [2025-06-02T17:36:48.910Z] >>> [apiv2][(partial)header] GET https://serviceusage.googleapis.com/v1/projects/codewaycase-a3705/services/cloudfunctions.googleapis.com x-goog-quota-user=projects/codewaycase-a3705
[debug] [2025-06-02T17:36:48.912Z] >>> [apiv2][query] GET https://serviceusage.googleapis.com/v1/projects/codewaycase-a3705/services/runtimeconfig.googleapis.com [none]
[debug] [2025-06-02T17:36:48.912Z] >>> [apiv2][(partial)header] GET https://serviceusage.googleapis.com/v1/projects/codewaycase-a3705/services/runtimeconfig.googleapis.com x-goog-quota-user=projects/codewaycase-a3705
[debug] [2025-06-02T17:36:49.986Z] <<< [apiv2][status] GET https://serviceusage.googleapis.com/v1/projects/codewaycase-a3705/services/runtimeconfig.googleapis.com 200
[debug] [2025-06-02T17:36:49.986Z] <<< [apiv2][body] GET https://serviceusage.googleapis.com/v1/projects/codewaycase-a3705/services/runtimeconfig.googleapis.com [omitted]
[debug] [2025-06-02T17:36:50.022Z] <<< [apiv2][status] GET https://serviceusage.googleapis.com/v1/projects/codewaycase-a3705/services/cloudfunctions.googleapis.com 200
[debug] [2025-06-02T17:36:50.022Z] <<< [apiv2][body] GET https://serviceusage.googleapis.com/v1/projects/codewaycase-a3705/services/cloudfunctions.googleapis.com [omitted]
[debug] [2025-06-02T17:36:50.022Z] Checked if tokens are valid: true, expires at: 1748889003593
[debug] [2025-06-02T17:36:50.022Z] Checked if tokens are valid: true, expires at: 1748889003593
[debug] [2025-06-02T17:36:50.022Z] >>> [apiv2][query] POST https://serviceusage.googleapis.com/v1/projects/codewaycase-a3705/services/cloudfunctions.googleapis.com:enable [none]
[debug] [2025-06-02T17:36:50.022Z] >>> [apiv2][(partial)header] POST https://serviceusage.googleapis.com/v1/projects/codewaycase-a3705/services/cloudfunctions.googleapis.com:enable x-goog-quota-user=projects/codewaycase-a3705
[debug] [2025-06-02T17:36:50.666Z] <<< [apiv2][status] POST https://serviceusage.googleapis.com/v1/projects/codewaycase-a3705/services/cloudfunctions.googleapis.com:enable 200
[debug] [2025-06-02T17:36:50.666Z] <<< [apiv2][body] POST https://serviceusage.googleapis.com/v1/projects/codewaycase-a3705/services/cloudfunctions.googleapis.com:enable [omitted]
[debug] [2025-06-02T17:37:00.668Z] Checked if tokens are valid: true, expires at: 1748889003593
[debug] [2025-06-02T17:37:00.668Z] Checked if tokens are valid: true, expires at: 1748889003593
[debug] [2025-06-02T17:37:00.668Z] >>> [apiv2][query] GET https://serviceusage.googleapis.com/v1/projects/codewaycase-a3705/services/cloudfunctions.googleapis.com [none]
[debug] [2025-06-02T17:37:00.668Z] >>> [apiv2][(partial)header] GET https://serviceusage.googleapis.com/v1/projects/codewaycase-a3705/services/cloudfunctions.googleapis.com x-goog-quota-user=projects/codewaycase-a3705
[debug] [2025-06-02T17:37:02.123Z] <<< [apiv2][status] GET https://serviceusage.googleapis.com/v1/projects/codewaycase-a3705/services/cloudfunctions.googleapis.com 200
[debug] [2025-06-02T17:37:02.124Z] <<< [apiv2][body] GET https://serviceusage.googleapis.com/v1/projects/codewaycase-a3705/services/cloudfunctions.googleapis.com [omitted]
[info] Let's create a new codebase for your functions.
[info] A directory corresponding to the codebase will be created in your project
[info] with sample code pre-configured.

[info] See https://firebase.google.com/docs/functions/organize-functions for
[info] more information on organizing your functions using codebases.

[info] Functions can be deployed with firebase deploy.

[info] ✔  Wrote functions/package.json 
[info] ✔  Wrote functions/.eslintrc.js 
[info] ✔  Wrote functions/index.js 
[info] ✔  Wrote functions/.gitignore 
[info] 
=== Hosting Setup
[debug] [2025-06-02T17:37:52.965Z] Checked if tokens are valid: true, expires at: 1748889003593
[debug] [2025-06-02T17:37:52.965Z] Checked if tokens are valid: true, expires at: 1748889003593
[debug] [2025-06-02T17:37:52.965Z] >>> [apiv2][query] GET https://firebase.googleapis.com/v1beta1/projects/codewaycase-a3705 [none]
[debug] [2025-06-02T17:37:53.335Z] <<< [apiv2][status] GET https://firebase.googleapis.com/v1beta1/projects/codewaycase-a3705 200
[debug] [2025-06-02T17:37:53.335Z] <<< [apiv2][body] GET https://firebase.googleapis.com/v1beta1/projects/codewaycase-a3705 {"projectId":"codewaycase-a3705","projectNumber":"120935251032","displayName":"codewaycase","name":"projects/codewaycase-a3705","resources":{"hostingSite":"codewaycase-a3705"},"state":"ACTIVE","etag":"1_0ecc413b-391d-49e6-8213-f8250252e211"}
[info] 
[info] Your public directory is the folder (relative to your project directory) that
[info] will contain Hosting assets to be uploaded with firebase deploy. If you
[info] have a build process for your assets, use your build's output directory.
[info] 
[debug] [2025-06-02T17:40:30.466Z] >>> [apiv2][query] GET https://www.gstatic.com/firebasejs/releases.json [none]
[debug] [2025-06-02T17:40:30.593Z] <<< [apiv2][status] GET https://www.gstatic.com/firebasejs/releases.json 200
[debug] [2025-06-02T17:40:30.593Z] <<< [apiv2][body] GET https://www.gstatic.com/firebasejs/releases.json {"current":{"version":"11.8.1","browserURL":"https://www.gstatic.com/firebasejs/11.8.1/firebase.js","packageURL":"https://www.gstatic.com/firebasejs/11.8.1/firebase.tgz"},"live":{"version":"11.8","browserURL":"https://www.gstatic.com/firebasejs/live/11.8/firebase.js","packageURL":"https://www.gstatic.com/firebasejs/live/11.8/firebase.tgz"},"components":{"ai":"https://www.gstatic.com/firebasejs/11.8.1/firebase-ai.js","analytics":"https://www.gstatic.com/firebasejs/11.8.1/firebase-analytics.js","app":"https://www.gstatic.com/firebasejs/11.8.1/firebase-app.js","app-check":"https://www.gstatic.com/firebasejs/11.8.1/firebase-app-check.js","auth":"https://www.gstatic.com/firebasejs/11.8.1/firebase-auth.js","auth/cordova":"https://www.gstatic.com/firebasejs/11.8.1/firebase-auth/cordova.js","auth/web-extension":"https://www.gstatic.com/firebasejs/11.8.1/firebase-auth/web-extension.js","functions":"https://www.gstatic.com/firebasejs/11.8.1/firebase-functions.js","firestore":"https://www.gstatic.com/firebasejs/11.8.1/firebase-firestore.js","firestore/lite":"https://www.gstatic.com/firebasejs/11.8.1/firebase-firestore/lite.js","installations":"https://www.gstatic.com/firebasejs/11.8.1/firebase-installations.js","storage":"https://www.gstatic.com/firebasejs/11.8.1/firebase-storage.js","performance":"https://www.gstatic.com/firebasejs/11.8.1/firebase-performance.js","remote-config":"https://www.gstatic.com/firebasejs/11.8.1/firebase-remote-config.js","messaging":"https://www.gstatic.com/firebasejs/11.8.1/firebase-messaging.js","messaging/sw":"https://www.gstatic.com/firebasejs/11.8.1/firebase-messaging/sw.js","database":"https://www.gstatic.com/firebasejs/11.8.1/firebase-database.js","vertexai":"https://www.gstatic.com/firebasejs/11.8.1/firebase-vertexai.js","data-connect":"https://www.gstatic.com/firebasejs/11.8.1/firebase-data-connect.js","firestore.memory":"https://www.gstatic.com/firebasejs/11.8.1/firebase-firestore.memory.js"}}
[info] ✔  Wrote dist/index.html 
[info] 
[info] i  Didn't detect a .git folder. Assuming /Users/ardildeniz/Desktop/codewaycase is the project root. 
[info] i  Authorizing with GitHub to upload your service account to a GitHub repository's secrets store. 
[info] 
[info] Visit this URL on this device to log in:
[info] https://github.com/login/oauth/authorize?client_id=89cf50f02ac6aaed3484&state=551011394&redirect_uri=http%3A%2F%2Flocalhost%3A9005&scope=read%3Auser%20repo%20public_repo
[info] 
[info] Waiting for authentication...
[debug] [2025-06-02T17:40:35.116Z] >>> [apiv2][query] POST https://github.com/login/oauth/access_token [none]
[debug] [2025-06-02T17:40:35.117Z] >>> [apiv2][body] POST https://github.com/login/oauth/access_token [stream]
[debug] [2025-06-02T17:40:35.471Z] <<< [apiv2][status] POST https://github.com/login/oauth/access_token 200
[debug] [2025-06-02T17:40:35.471Z] <<< [apiv2][body] POST https://github.com/login/oauth/access_token {"access_token":"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","token_type":"bearer","scope":"read:user,repo"}
[debug] [2025-06-02T17:40:35.475Z] >>> [apiv2][query] GET https://api.github.com/user [none]
[debug] [2025-06-02T17:40:35.937Z] <<< [apiv2][status] GET https://api.github.com/user 200
[debug] [2025-06-02T17:40:35.937Z] <<< [apiv2][body] GET https://api.github.com/user {"login":"ardildeniz98","id":192444963,"node_id":"U_kgDOC3h6Iw","avatar_url":"https://avatars.githubusercontent.com/u/192444963?v=4","gravatar_id":"","url":"https://api.github.com/users/ardildeniz98","html_url":"https://github.com/ardildeniz98","followers_url":"https://api.github.com/users/ardildeniz98/followers","following_url":"https://api.github.com/users/ardildeniz98/following{/other_user}","gists_url":"https://api.github.com/users/ardildeniz98/gists{/gist_id}","starred_url":"https://api.github.com/users/ardildeniz98/starred{/owner}{/repo}","subscriptions_url":"https://api.github.com/users/ardildeniz98/subscriptions","organizations_url":"https://api.github.com/users/ardildeniz98/orgs","repos_url":"https://api.github.com/users/ardildeniz98/repos","events_url":"https://api.github.com/users/ardildeniz98/events{/privacy}","received_events_url":"https://api.github.com/users/ardildeniz98/received_events","type":"User","user_view_type":"private","site_admin":false,"name":null,"company":null,"blog":"","location":null,"email":null,"hireable":null,"bio":null,"twitter_username":null,"notification_email":null,"public_repos":0,"public_gists":0,"followers":0,"following":0,"created_at":"2024-12-21T16:00:20Z","updated_at":"2025-06-02T17:25:16Z","private_gists":0,"total_private_repos":0,"owned_private_repos":0,"disk_usage":0,"collaborators":0,"two_factor_authentication":false,"plan":{"name":"free","space":976562499,"collaborators":0,"private_repos":10000}}
[info] 
[info] ✔  Success! Logged into GitHub as ardildeniz98 
[info] 
